#
# A fatal error has been detected by the Java Runtime Environment:
#
#  SIGSEGV (0xb) at pc=0x00007fff60fada17, pid=30531, tid=50443
#
# JRE version: Java(TM) SE Runtime Environment (7.0_80-b15) (build 1.7.0_80-b15)
# Java VM: Java HotSpot(TM) 64-Bit Server VM (24.80-b11 mixed mode bsd-amd64 compressed oops)
# Problematic frame:
# C  [libobjc.A.dylib+0x7a17]  objc_msgSend+0x17
#
# Failed to write core dump. Core dumps have been disabled. To enable core dumping, try "ulimit -c unlimited" before starting Java again
#
# If you would like to submit a bug report, please visit:
#   http://bugreport.java.com/bugreport/crash.jsp
# The crash happened outside the Java Virtual Machine in native code.
# See problematic frame for where to report the bug.
#

---------------  T H R E A D  ---------------

Current thread (0x00007ff352932000):  JavaThread "Java2D Queue Flusher" daemon [_thread_in_native, id=50443, stack(0x0000700001570000,0x0000700001670000)]

siginfo:si_signo=SIGSEGV: si_errno=0, si_code=0 (SEGV0), si_addr=0x0000000000000000

Registers:
RAX=0x00007ff3538d0000, RBX=0x00007ff3529321e8, RCX=0x00007ff3538d0090, RDX=0x00000001122bc7c0
RSP=0x000070000166f7b8, RBP=0x000070000166f7e0, RSI=0x00007fff32f85dee, RDI=0xd000000000000000
R8 =0x00000000000030a0, R9 =0x0000000000000000, R10=0x00007ffffffffff8, R11=0x0000000108a780f3
R12=0x00007ff3538d0088, R13=0x000000077b2fd9f8, R14=0x00007ff3570043b0, R15=0x00007ff351f6f5b0
RIP=0x00007fff60fada17, EFLAGS=0x0000000000010246, ERR=0x0000000000000000
  TRAPNO=0x000000000000000d

Top of Stack: (sp=0x000070000166f7b8)
0x000070000166f7b8:   00000001122c690b 00007ff3570043f0
0x000070000166f7c8:   0000000000000000 00007ff352929e10
0x000070000166f7d8:   00007ff352932000 000070000166f860
0x000070000166f7e8:   00000001122bc29e 0000000000000000
0x000070000166f7f8:   00000001086f6130 0000000000000064
0x000070000166f808:   00007ff352932000 0000000000000bad
0x000070000166f818:   0000000000000bad 00007ff352932000
0x000070000166f828:   00007ff352929e20 00007ff300d5f100
0x000070000166f838:   00007ff3529321e8 000000077b2fd9f8
0x000070000166f848:   0000000000000000 000070000166f908
0x000070000166f858:   00007ff352932000 000070000166f8d0
0x000070000166f868:   000000010907d5f9 000070000166f8b0
0x000070000166f878:   000000077af129d0 000070000166f8a0
0x000070000166f888:   0000000000000064 000070000166f890
0x000070000166f898:   0000000000000000 000070000166f908
0x000070000166f8a8:   000000077b2ff260 0000000000000000
0x000070000166f8b8:   000000077b2fd9f8 0000000000000000
0x000070000166f8c8:   000070000166f8f0 000070000166f950
0x000070000166f8d8:   000000010906b0d8 0000000000000000
0x000070000166f8e8:   0000000109077f38 0000000000000020
0x000070000166f8f8:   00007ff352929e00 00000007d81690a8
0x000070000166f908:   00000007d8169090 000070000166f910
0x000070000166f918:   000000077b2fdadd 000070000166f968
0x000070000166f928:   000000077b2ff260 000000077c149d88
0x000070000166f938:   000000077b2fdb00 000070000166f8f0
0x000070000166f948:   000070000166f968 000070000166f9b0
0x000070000166f958:   000000010906b0d8 0000000000000020
0x000070000166f968:   00000007d8169090 000070000166f970
0x000070000166f978:   000000077b2fdc91 000070000166f9c0
0x000070000166f988:   000000077b2ff260 000000077c149c50
0x000070000166f998:   000000077b2fdca0 000070000166f968
0x000070000166f9a8:   000070000166f9c0 000070000166fa18 

Instructions: (pc=0x00007fff60fada17)
0x00007fff60fad9f7:   84 00 00 00 00 00 0f 1f 00 48 85 ff 2e 74 62 40
0x00007fff60fada07:   f6 c7 01 2e 75 66 49 ba f8 ff ff ff ff 7f 00 00
0x00007fff60fada17:   4c 23 17 49 89 f3 45 23 5a 18 49 c1 e3 04 4d 03
0x00007fff60fada27:   5a 10 49 3b 33 75 04 41 ff 63 08 49 83 3b 01 76 

Register to memory mapping:

RAX=0x00007ff3538d0000 is an unknown value
RBX=0x00007ff3529321e8 is an unknown value
RCX=0x00007ff3538d0090 is an unknown value
RDX=0x00000001122bc7c0: Java_sun_java2d_opengl_OGLRenderQueue_flushBuffer+0xb5c in /Library/Java/JavaVirtualMachines/jdk1.7.0_80.jdk/Contents/Home/jre/lib/lwawt/liblwawt.dylib at 0x00000001122b4000
RSP=0x000070000166f7b8 is pointing into the stack for thread: 0x00007ff352932000
RBP=0x000070000166f7e0 is pointing into the stack for thread: 0x00007ff352932000
RSI=0x00007fff32f85dee: GCC_except_table7+0x14b2 in /System/Library/Frameworks/AppKit.framework/Versions/C/AppKit at 0x00007fff3237f000
RDI=0xd000000000000000 is an unknown value
R8 =0x00000000000030a0 is an unknown value
R9 =0x0000000000000000 is an unknown value
R10=0x00007ffffffffff8 is an unknown value
R11=0x0000000108a780f3: throw_unsatisfied_link_error+0 in /Library/Java/JavaVirtualMachines/jdk1.7.0_80.jdk/Contents/Home/jre/lib/server/libjvm.dylib at 0x0000000108600000
R12=0x00007ff3538d0088 is an unknown value
R13=0x000000077b2fd9f8 is an oop
{method} 
 - klass: {other class}
R14=0x00007ff3570043b0 is an unknown value
R15=0x00007ff351f6f5b0 is an unknown value


Stack: [0x0000700001570000,0x0000700001670000],  sp=0x000070000166f7b8,  free space=1021k
Native frames: (J=compiled Java code, j=interpreted, Vv=VM code, C=native code)
C  [libobjc.A.dylib+0x7a17]  objc_msgSend+0x17
C  [liblwawt.dylib+0x829e]  Java_sun_java2d_opengl_OGLRenderQueue_flushBuffer+0x63a
j  sun.java2d.opengl.OGLRenderQueue.flushBuffer(JI)V+0
j  sun.java2d.opengl.OGLRenderQueue.flushBuffer()V+21
j  sun.java2d.opengl.OGLRenderQueue.access$100(Lsun/java2d/opengl/OGLRenderQueue;)V+1
j  sun.java2d.opengl.OGLRenderQueue$QueueFlusher.run()V+81
v  ~StubRoutines::call_stub
V  [libjvm.dylib+0x2dc898]
V  [libjvm.dylib+0x2dcdaf]
V  [libjvm.dylib+0x2dceec]
V  [libjvm.dylib+0x32bf3a]
V  [libjvm.dylib+0x4f8341]
V  [libjvm.dylib+0x4f9a49]
V  [libjvm.dylib+0x422b92]
C  [libsystem_pthread.dylib+0x3305]  _pthread_body+0x7e
C  [libsystem_pthread.dylib+0x626f]  _pthread_start+0x46
C  [libsystem_pthread.dylib+0x2415]  thread_start+0xd

Java frames: (J=compiled Java code, j=interpreted, Vv=VM code)
j  sun.java2d.opengl.OGLRenderQueue.flushBuffer(JI)V+0
j  sun.java2d.opengl.OGLRenderQueue.flushBuffer()V+21
j  sun.java2d.opengl.OGLRenderQueue.access$100(Lsun/java2d/opengl/OGLRenderQueue;)V+1
j  sun.java2d.opengl.OGLRenderQueue$QueueFlusher.run()V+81
v  ~StubRoutines::call_stub

---------------  P R O C E S S  ---------------

Java Threads: ( => current thread )
  0x00007ff352a8f800 JavaThread "TimerQueue" daemon [_thread_blocked, id=4151, stack(0x00007000019ff000,0x0000700001aff000)]
  0x00007ff3531d9000 JavaThread "DestroyJavaVM" [_thread_blocked, id=9987, stack(0x0000700000231000,0x0000700000331000)]
  0x00007ff352b1b800 JavaThread "AWT-EventQueue-0" [_thread_blocked, id=76607, stack(0x0000700001879000,0x0000700001979000)]
  0x00007ff3530fa800 JavaThread "Java2D Disposer" daemon [_thread_blocked, id=85119, stack(0x0000700001673000,0x0000700001773000)]
=>0x00007ff352932000 JavaThread "Java2D Queue Flusher" daemon [_thread_in_native, id=50443, stack(0x0000700001570000,0x0000700001670000)]
  0x00007ff3528c8800 JavaThread "AWT-Shutdown" [_thread_blocked, id=37163, stack(0x00007000012e4000,0x00007000013e4000)]
  0x00007ff35383b000 JavaThread "AppKit Thread" daemon [_thread_blocked, id=775, stack(0x00007ffee77f0000,0x00007ffee7ff0000)]
  0x00007ff35381e000 JavaThread "Service Thread" daemon [_thread_blocked, id=16899, stack(0x000070000105b000,0x000070000115b000)]
  0x00007ff352855000 JavaThread "C2 CompilerThread1" daemon [_thread_blocked, id=14083, stack(0x0000700000f58000,0x0000700001058000)]
  0x00007ff352027800 JavaThread "C2 CompilerThread0" daemon [_thread_blocked, id=17411, stack(0x0000700000e55000,0x0000700000f55000)]
  0x00007ff35300f000 JavaThread "JDWP Command Reader" daemon [_thread_in_native, id=17667, stack(0x0000700000d52000,0x0000700000e52000)]
  0x00007ff353001000 JavaThread "JDWP Event Helper Thread" daemon [_thread_blocked, id=13571, stack(0x0000700000c4f000,0x0000700000d4f000)]
  0x00007ff352851800 JavaThread "JDWP Transport Listener: dt_socket" daemon [_thread_blocked, id=13063, stack(0x0000700000b4c000,0x0000700000c4c000)]
  0x00007ff35201c800 JavaThread "Signal Dispatcher" daemon [_thread_blocked, id=12803, stack(0x0000700000a49000,0x0000700000b49000)]
  0x00007ff35300b000 JavaThread "Finalizer" daemon [_thread_blocked, id=20227, stack(0x0000700000946000,0x0000700000a46000)]
  0x00007ff35300a800 JavaThread "Reference Handler" daemon [_thread_blocked, id=11779, stack(0x0000700000843000,0x0000700000943000)]

Other Threads:
  0x00007ff353007800 VMThread [stack: 0x0000700000740000,0x0000700000840000] [id=11267]
  0x00007ff35203a000 WatcherThread [stack: 0x000070000115e000,0x000070000125e000] [id=14595]

VM state:not at safepoint (normal execution)

VM Mutex/Monitor currently owned by a thread: None

Heap
 PSYoungGen      total 43008K, used 13627K [0x00000007d5500000, 0x00000007d8c00000, 0x0000000800000000)
  eden space 32256K, 13% used [0x00000007d5500000,0x00000007d5950b38,0x00000007d7480000)
  from space 10752K, 85% used [0x00000007d8000000,0x00000007d88fe450,0x00000007d8a80000)
  to   space 11776K, 0% used [0x00000007d7480000,0x00000007d7480000,0x00000007d8000000)
 ParOldGen       total 87040K, used 12275K [0x0000000780000000, 0x0000000785500000, 0x00000007d5500000)
  object space 87040K, 14% used [0x0000000780000000,0x0000000780bfcd08,0x0000000785500000)
 PSPermGen       total 21504K, used 19784K [0x000000077ae00000, 0x000000077c300000, 0x0000000780000000)
  object space 21504K, 92% used [0x000000077ae00000,0x000000077c152230,0x000000077c300000)

Card table byte_map: [0x000000010c065000,0x000000010c48f000] byte_map_base: 0x000000010848e000

Polling page: 0x0000000107c77000

Code Cache  [0x0000000109065000, 0x0000000109345000, 0x000000010c065000)
 total_blobs=1212 nmethods=718 adapters=455 free_code_cache=46294Kb largest_free_block=47345088

Compilation events (10 events):
Event: 779.807 Thread 0x00007ff352855000  761             java.awt.Component::dispatchEventImpl (875 bytes)
Event: 779.829 Thread 0x00007ff352855000 nmethod 761 0x0000000109339ed0 code [0x000000010933a320, 0x000000010933bf88]
Event: 783.376 Thread 0x00007ff352027800  762             sun.java2d.SunGraphics2D::constrain (11 bytes)
Event: 783.377 Thread 0x00007ff352027800 nmethod 762 0x00000001091a22d0 code [0x00000001091a2420, 0x00000001091a24c8]
Event: 787.134 Thread 0x00007ff352855000  765  s          sun.font.CCharToGlyphMapper::charsToGlyphsNS (244 bytes)
Event: 787.148 Thread 0x00007ff352855000 nmethod 765 0x0000000109329c90 code [0x0000000109329e20, 0x000000010932a848]
Event: 962.899 Thread 0x00007ff352027800  766 %s!         sun.java2d.opengl.OGLRenderQueue$QueueFlusher::run @ 2 (234 bytes)
Event: 962.907 Thread 0x00007ff352027800 nmethod 766% 0x0000000109338550 code [0x00000001093387c0, 0x00000001093392f8]
Event: 95325.212 Thread 0x00007ff352855000  768             java.awt.Component::getGraphics (124 bytes)
Event: 95325.290 Thread 0x00007ff352855000 nmethod 768 0x0000000109336fd0 code [0x00000001093371a0, 0x0000000109337e70]

GC Heap History (10 events):
Event: 29.555 GC heap before
{Heap before GC invocations=2 (full 0):
 PSYoungGen      total 38912K, used 38909K [0x00000007d5500000, 0x00000007d8000000, 0x0000000800000000)
  eden space 33792K, 100% used [0x00000007d5500000,0x00000007d7600000,0x00000007d7600000)
  from space 5120K, 99% used [0x00000007d7600000,0x00000007d7aff5c8,0x00000007d7b00000)
  to   space 5120K, 0% used [0x00000007d7b00000,0x00000007d7b00000,0x00000007d8000000)
 ParOldGen       total 87040K, used 5151K [0x0000000780000000, 0x0000000785500000, 0x00000007d5500000)
  object space 87040K, 5% used [0x0000000780000000,0x0000000780507da8,0x0000000785500000)
 PSPermGen       total 21504K, used 19269K [0x000000077ae00000, 0x000000077c300000, 0x0000000780000000)
  object space 21504K, 89% used [0x000000077ae00000,0x000000077c0d1668,0x000000077c300000)
Event: 29.571 GC heap after
Heap after GC invocations=2 (full 0):
 PSYoungGen      total 38912K, used 5098K [0x00000007d5500000, 0x00000007d8000000, 0x0000000800000000)
  eden space 33792K, 0% used [0x00000007d5500000,0x00000007d5500000,0x00000007d7600000)
  from space 5120K, 99% used [0x00000007d7b00000,0x00000007d7ffaa08,0x00000007d8000000)
  to   space 5120K, 0% used [0x00000007d7600000,0x00000007d7600000,0x00000007d7b00000)
 ParOldGen       total 87040K, used 6966K [0x0000000780000000, 0x0000000785500000, 0x00000007d5500000)
  object space 87040K, 8% used [0x0000000780000000,0x00000007806cda58,0x0000000785500000)
 PSPermGen       total 21504K, used 19269K [0x000000077ae00000, 0x000000077c300000, 0x0000000780000000)
  object space 21504K, 89% used [0x000000077ae00000,0x000000077c0d1668,0x000000077c300000)
}
Event: 335.218 GC heap before
{Heap before GC invocations=3 (full 0):
 PSYoungGen      total 38912K, used 38890K [0x00000007d5500000, 0x00000007d8000000, 0x0000000800000000)
  eden space 33792K, 100% used [0x00000007d5500000,0x00000007d7600000,0x00000007d7600000)
  from space 5120K, 99% used [0x00000007d7b00000,0x00000007d7ffaa08,0x00000007d8000000)
  to   space 5120K, 0% used [0x00000007d7600000,0x00000007d7600000,0x00000007d7b00000)
 ParOldGen       total 87040K, used 6966K [0x0000000780000000, 0x0000000785500000, 0x00000007d5500000)
  object space 87040K, 8% used [0x0000000780000000,0x00000007806cda58,0x0000000785500000)
 PSPermGen       total 21504K, used 19552K [0x000000077ae00000, 0x000000077c300000, 0x0000000780000000)
  object space 21504K, 90% used [0x000000077ae00000,0x000000077c118200,0x000000077c300000)
Event: 335.235 GC heap after
Heap after GC invocations=3 (full 0):
 PSYoungGen      total 38912K, used 5102K [0x00000007d5500000, 0x00000007d8000000, 0x0000000800000000)
  eden space 33792K, 0% used [0x00000007d5500000,0x00000007d5500000,0x00000007d7600000)
  from space 5120K, 99% used [0x00000007d7600000,0x00000007d7afbbb8,0x00000007d7b00000)
  to   space 5120K, 0% used [0x00000007d7b00000,0x00000007d7b00000,0x00000007d8000000)
 ParOldGen       total 87040K, used 7847K [0x0000000780000000, 0x0000000785500000, 0x00000007d5500000)
  object space 87040K, 9% used [0x0000000780000000,0x00000007807a9cf8,0x0000000785500000)
 PSPermGen       total 21504K, used 19552K [0x000000077ae00000, 0x000000077c300000, 0x0000000780000000)
  object space 21504K, 90% used [0x000000077ae00000,0x000000077c118200,0x000000077c300000)
}
Event: 365.884 GC heap before
{Heap before GC invocations=4 (full 0):
 PSYoungGen      total 38912K, used 38894K [0x00000007d5500000, 0x00000007d8000000, 0x0000000800000000)
  eden space 33792K, 100% used [0x00000007d5500000,0x00000007d7600000,0x00000007d7600000)
  from space 5120K, 99% used [0x00000007d7600000,0x00000007d7afbbb8,0x00000007d7b00000)
  to   space 5120K, 0% used [0x00000007d7b00000,0x00000007d7b00000,0x00000007d8000000)
 ParOldGen       total 87040K, used 7847K [0x0000000780000000, 0x0000000785500000, 0x00000007d5500000)
  object space 87040K, 9% used [0x0000000780000000,0x00000007807a9cf8,0x0000000785500000)
 PSPermGen       total 21504K, used 19709K [0x000000077ae00000, 0x000000077c300000, 0x0000000780000000)
  object space 21504K, 91% used [0x000000077ae00000,0x000000077c13f4d8,0x000000077c300000)
Event: 365.903 GC heap after
Heap after GC invocations=4 (full 0):
 PSYoungGen      total 38912K, used 5118K [0x00000007d5500000, 0x00000007d8000000, 0x0000000800000000)
  eden space 33792K, 0% used [0x00000007d5500000,0x00000007d5500000,0x00000007d7600000)
  from space 5120K, 99% used [0x00000007d7b00000,0x00000007d7fffbc8,0x00000007d8000000)
  to   space 5120K, 0% used [0x00000007d7600000,0x00000007d7600000,0x00000007d7b00000)
 ParOldGen       total 87040K, used 7999K [0x0000000780000000, 0x0000000785500000, 0x00000007d5500000)
  object space 87040K, 9% used [0x0000000780000000,0x00000007807cfcf8,0x0000000785500000)
 PSPermGen       total 21504K, used 19709K [0x000000077ae00000, 0x000000077c300000, 0x0000000780000000)
  object space 21504K, 91% used [0x000000077ae00000,0x000000077c13f4d8,0x000000077c300000)
}
Event: 655.785 GC heap before
{Heap before GC invocations=5 (full 0):
 PSYoungGen      total 38912K, used 38910K [0x00000007d5500000, 0x00000007d8000000, 0x0000000800000000)
  eden space 33792K, 100% used [0x00000007d5500000,0x00000007d7600000,0x00000007d7600000)
  from space 5120K, 99% used [0x00000007d7b00000,0x00000007d7fffbc8,0x00000007d8000000)
  to   space 5120K, 0% used [0x00000007d7600000,0x00000007d7600000,0x00000007d7b00000)
 ParOldGen       total 87040K, used 7999K [0x0000000780000000, 0x0000000785500000, 0x00000007d5500000)
  object space 87040K, 9% used [0x0000000780000000,0x00000007807cfcf8,0x0000000785500000)
 PSPermGen       total 21504K, used 19767K [0x000000077ae00000, 0x000000077c300000, 0x0000000780000000)
  object space 21504K, 91% used [0x000000077ae00000,0x000000077c14def0,0x000000077c300000)
Event: 655.792 GC heap after
Heap after GC invocations=5 (full 0):
 PSYoungGen      total 38400K, used 5100K [0x00000007d5500000, 0x00000007d8a80000, 0x0000000800000000)
  eden space 33280K, 0% used [0x00000007d5500000,0x00000007d5500000,0x00000007d7580000)
  from space 5120K, 99% used [0x00000007d7600000,0x00000007d7afb020,0x00000007d7b00000)
  to   space 10752K, 0% used [0x00000007d8000000,0x00000007d8000000,0x00000007d8a80000)
 ParOldGen       total 87040K, used 8367K [0x0000000780000000, 0x0000000785500000, 0x00000007d5500000)
  object space 87040K, 9% used [0x0000000780000000,0x000000078082bcf8,0x0000000785500000)
 PSPermGen       total 21504K, used 19767K [0x000000077ae00000, 0x000000077c300000, 0x0000000780000000)
  object space 21504K, 91% used [0x000000077ae00000,0x000000077c14def0,0x000000077c300000)
}
Event: 98847.326 GC heap before
{Heap before GC invocations=6 (full 0):
 PSYoungGen      total 38400K, used 35330K [0x00000007d5500000, 0x00000007d8a80000, 0x0000000800000000)
  eden space 33280K, 90% used [0x00000007d5500000,0x00000007d7285908,0x00000007d7580000)
  from space 5120K, 99% used [0x00000007d7600000,0x00000007d7afb020,0x00000007d7b00000)
  to   space 10752K, 0% used [0x00000007d8000000,0x00000007d8000000,0x00000007d8a80000)
 ParOldGen       total 87040K, used 8367K [0x0000000780000000, 0x0000000785500000, 0x00000007d5500000)
  object space 87040K, 9% used [0x0000000780000000,0x000000078082bcf8,0x0000000785500000)
 PSPermGen       total 21504K, used 19784K [0x000000077ae00000, 0x000000077c300000, 0x0000000780000000)
  object space 21504K, 92% used [0x000000077ae00000,0x000000077c152230,0x000000077c300000)
Event: 98847.565 GC heap after
Heap after GC invocations=6 (full 0):
 PSYoungGen      total 43008K, used 9209K [0x00000007d5500000, 0x00000007d8c00000, 0x0000000800000000)
  eden space 32256K, 0% used [0x00000007d5500000,0x00000007d5500000,0x00000007d7480000)
  from space 10752K, 85% used [0x00000007d8000000,0x00000007d88fe450,0x00000007d8a80000)
  to   space 11776K, 0% used [0x00000007d7480000,0x00000007d7480000,0x00000007d8000000)
 ParOldGen       total 87040K, used 12275K [0x0000000780000000, 0x0000000785500000, 0x00000007d5500000)
  object space 87040K, 14% used [0x0000000780000000,0x0000000780bfcd08,0x0000000785500000)
 PSPermGen       total 21504K, used 19784K [0x000000077ae00000, 0x000000077c300000, 0x0000000780000000)
  object space 21504K, 92% used [0x000000077ae00000,0x000000077c152230,0x000000077c300000)
}

Deoptimization events (10 events):
Event: 95629.974 Thread 0x00007ff35383b000 Uncommon trap: reason=null_check action=make_not_entrant pc=0x0000000109174bbc method=java.awt.geom.AffineTransform.equals(Ljava/lang/Object;)Z @ 1
Event: 95629.974 Thread 0x00007ff35383b000 Uncommon trap: reason=bimorphic action=maybe_recompile pc=0x000000010932fe80 method=sun.java2d.SunGraphics2D.fillRect(IIII)V @ 10
Event: 95630.001 Thread 0x00007ff35383b000 Uncommon trap: reason=class_check action=maybe_recompile pc=0x000000010932f3d4 method=sun.java2d.pipe.ValidatePipe.fillRect(Lsun/java2d/SunGraphics2D;IIII)V @ 19
Event: 95630.004 Thread 0x00007ff35383b000 Uncommon trap: reason=bimorphic action=maybe_recompile pc=0x000000010932fe80 method=sun.java2d.SunGraphics2D.fillRect(IIII)V @ 10
Event: 95630.143 Thread 0x00007ff35383b000 Uncommon trap: reason=class_check action=maybe_recompile pc=0x000000010932f3d4 method=sun.java2d.pipe.ValidatePipe.fillRect(Lsun/java2d/SunGraphics2D;IIII)V @ 19
Event: 95630.143 Thread 0x00007ff35383b000 Uncommon trap: reason=bimorphic action=maybe_recompile pc=0x000000010932fe80 method=sun.java2d.SunGraphics2D.fillRect(IIII)V @ 10
Event: 95630.143 Thread 0x00007ff35383b000 Uncommon trap: reason=class_check action=maybe_recompile pc=0x00000001091d7a5c method=sun.java2d.opengl.OGLBlitLoops.IsoBlit(Lsun/java2d/SurfaceData;Lsun/java2d/SurfaceData;Ljava/awt/image/BufferedImage;Ljava/awt/image/BufferedImageOp;Ljava/awt/Composite;
Event: 95630.164 Thread 0x00007ff35383b000 Uncommon trap: reason=class_check action=maybe_recompile pc=0x000000010932f3d4 method=sun.java2d.pipe.ValidatePipe.fillRect(Lsun/java2d/SunGraphics2D;IIII)V @ 19
Event: 98847.239 Thread 0x00007ff352932000 Uncommon trap: reason=class_check action=maybe_recompile pc=0x0000000109338cf4 method=sun.java2d.opengl.OGLRenderQueue$QueueFlusher.run()V @ 95
Event: 98847.308 Thread 0x00007ff35383b000 Uncommon trap: reason=class_check action=maybe_recompile pc=0x00000001091d7a5c method=sun.java2d.opengl.OGLBlitLoops.IsoBlit(Lsun/java2d/SurfaceData;Lsun/java2d/SurfaceData;Ljava/awt/image/BufferedImage;Ljava/awt/image/BufferedImageOp;Ljava/awt/Composite;

Internal exceptions (10 events):
Event: 15.343 Thread 0x00007ff352b1b800 Threw 0x00000007d6a86cb0 at /Users/java_re/workspace/7u-2-build-macosx-x86_64/jdk7u80/2329/hotspot/src/share/vm/prims/jvm.cpp:1319
Event: 15.388 Thread 0x00007ff352b1b800 Threw 0x00000007d6b5cc70 at /Users/java_re/workspace/7u-2-build-macosx-x86_64/jdk7u80/2329/hotspot/src/share/vm/prims/jvm.cpp:1319
Event: 323.277 Thread 0x00007ff352b1b800 Threw 0x00000007d6f51580 at /Users/java_re/workspace/7u-2-build-macosx-x86_64/jdk7u80/2329/hotspot/src/share/vm/prims/jvm.cpp:1319
Event: 323.278 Thread 0x00007ff352b1b800 Threw 0x00000007d6f53ac0 at /Users/java_re/workspace/7u-2-build-macosx-x86_64/jdk7u80/2329/hotspot/src/share/vm/prims/jvm.cpp:1319
Event: 323.367 Thread 0x00007ff352b1b800 Threw 0x00000007d7179668 at /Users/java_re/workspace/7u-2-build-macosx-x86_64/jdk7u80/2329/hotspot/src/share/vm/prims/jvm.cpp:1319
Event: 323.369 Thread 0x00007ff352b1b800 Threw 0x00000007d717b8a0 at /Users/java_re/workspace/7u-2-build-macosx-x86_64/jdk7u80/2329/hotspot/src/share/vm/prims/jvm.cpp:1319
Event: 323.371 Thread 0x00007ff352b1b800 Threw 0x00000007d717ddc0 at /Users/java_re/workspace/7u-2-build-macosx-x86_64/jdk7u80/2329/hotspot/src/share/vm/prims/jvm.cpp:1319
Event: 337.327 Thread 0x00007ff352b1b800 Implicit null exception at 0x00000001091fd8c4 to 0x00000001091fdc44
Event: 95326.652 Thread 0x00007ff352b1b800 Implicit null exception at 0x00000001091b60e0 to 0x00000001091b6146
Event: 95629.974 Thread 0x00007ff35383b000 Implicit null exception at 0x00000001091715f0 to 0x0000000109174b81

Events (10 events):
Event: 95630.164 Thread 0x00007ff35383b000 DEOPT PACKING pc=0x000000010932f3d4 sp=0x00007ffee7feacc0
Event: 95630.164 Thread 0x00007ff35383b000 DEOPT UNPACKING pc=0x000000010909e045 sp=0x00007ffee7feacb8 mode 2
Event: 98847.239 Thread 0x00007ff352932000 Uncommon trap: trap_request=0xffffffde fr.pc=0x0000000109338cf4
Event: 98847.239 Thread 0x00007ff352932000 DEOPT PACKING pc=0x0000000109338cf4 sp=0x000070000166f9d0
Event: 98847.239 Thread 0x00007ff352932000 DEOPT UNPACKING pc=0x000000010909e045 sp=0x000070000166f9b0 mode 2
Event: 98847.308 Thread 0x00007ff35383b000 Uncommon trap: trap_request=0xffffffde fr.pc=0x00000001091d7a5c
Event: 98847.308 Thread 0x00007ff35383b000 DEOPT PACKING pc=0x00000001091d7a5c sp=0x00007ffee7feab10
Event: 98847.308 Thread 0x00007ff35383b000 DEOPT UNPACKING pc=0x000000010909e045 sp=0x00007ffee7feab50 mode 2
Event: 98847.324 Executing VM operation: ParallelGCFailedAllocation
Event: 98847.565 Executing VM operation: ParallelGCFailedAllocation done


Dynamic libraries:
0x000000000abd0000 	/System/Library/Frameworks/Cocoa.framework/Versions/A/Cocoa
0x000000000abd0000 	/System/Library/Frameworks/Security.framework/Versions/A/Security
0x000000000abd0000 	/System/Library/Frameworks/ApplicationServices.framework/Versions/A/ApplicationServices
0x000000000abd0000 	/usr/lib/libz.1.dylib
0x000000000abd0000 	/usr/lib/libSystem.B.dylib
0x000000000abd0000 	/usr/lib/libobjc.A.dylib
0x000000000abd0000 	/System/Library/Frameworks/CoreFoundation.framework/Versions/A/CoreFoundation
0x000000000abd0000 	/System/Library/Frameworks/Foundation.framework/Versions/C/Foundation
0x000000000abd0000 	/System/Library/Frameworks/AppKit.framework/Versions/C/AppKit
0x000000000abd0000 	/System/Library/Frameworks/CoreData.framework/Versions/A/CoreData
0x000000000abd0000 	/System/Library/PrivateFrameworks/RemoteViewServices.framework/Versions/A/RemoteViewServices
0x000000000abd0000 	/System/Library/PrivateFrameworks/UIFoundation.framework/Versions/A/UIFoundation
0x000000000abd0000 	/System/Library/PrivateFrameworks/XCTTargetBootstrap.framework/Versions/A/XCTTargetBootstrap
0x000000000abd0000 	/System/Library/PrivateFrameworks/IconServices.framework/Versions/A/IconServices
0x000000000abd0000 	/System/Library/Frameworks/Metal.framework/Versions/A/Metal
0x000000000abd0000 	/System/Library/PrivateFrameworks/DesktopServicesPriv.framework/Versions/A/DesktopServicesPriv
0x000000000abd0000 	/usr/lib/libenergytrace.dylib
0x000000000abd0000 	/System/Library/PrivateFrameworks/SkyLight.framework/Versions/A/SkyLight
0x000000000abd0000 	/System/Library/Frameworks/CoreGraphics.framework/Versions/A/CoreGraphics
0x000000000abd0000 	/System/Library/Frameworks/Accelerate.framework/Versions/A/Accelerate
0x000000000abd0000 	/System/Library/Frameworks/IOSurface.framework/Versions/A/IOSurface
0x000000000abd0000 	/System/Library/PrivateFrameworks/DFRFoundation.framework/Versions/A/DFRFoundation
0x000000000abd0000 	/System/Library/Frameworks/AudioToolbox.framework/Versions/A/AudioToolbox
0x000000000abd0000 	/System/Library/Frameworks/AudioUnit.framework/Versions/A/AudioUnit
0x000000000abd0000 	/System/Library/PrivateFrameworks/DataDetectorsCore.framework/Versions/A/DataDetectorsCore
0x000000000abd0000 	/System/Library/Frameworks/Carbon.framework/Versions/A/Frameworks/HIToolbox.framework/Versions/A/HIToolbox
0x000000000abd0000 	/usr/lib/libicucore.A.dylib
0x000000000abd0000 	/System/Library/Frameworks/QuartzCore.framework/Versions/A/QuartzCore
0x000000000abd0000 	/System/Library/Frameworks/Carbon.framework/Versions/A/Frameworks/SpeechRecognition.framework/Versions/A/SpeechRecognition
0x000000000abd0000 	/usr/lib/libauto.dylib
0x000000000abd0000 	/usr/lib/libxml2.2.dylib
0x000000000abd0000 	/System/Library/PrivateFrameworks/CoreUI.framework/Versions/A/CoreUI
0x000000000abd0000 	/System/Library/Frameworks/CoreAudio.framework/Versions/A/CoreAudio
0x000000000abd0000 	/System/Library/Frameworks/DiskArbitration.framework/Versions/A/DiskArbitration
0x000000000abd0000 	/usr/lib/liblangid.dylib
0x000000000abd0000 	/System/Library/PrivateFrameworks/MultitouchSupport.framework/Versions/A/MultitouchSupport
0x000000000abd0000 	/System/Library/Frameworks/IOKit.framework/Versions/A/IOKit
0x000000000abd0000 	/usr/lib/libDiagnosticMessagesClient.dylib
0x000000000abd0000 	/System/Library/Frameworks/CoreServices.framework/Versions/A/CoreServices
0x000000000abd0000 	/System/Library/PrivateFrameworks/PerformanceAnalysis.framework/Versions/A/PerformanceAnalysis
0x000000000abd0000 	/System/Library/Frameworks/OpenGL.framework/Versions/A/OpenGL
0x000000000abd0000 	/System/Library/Frameworks/ColorSync.framework/Versions/A/ColorSync
0x000000000abd0000 	/System/Library/Frameworks/CoreImage.framework/Versions/A/CoreImage
0x000000000abd0000 	/System/Library/Frameworks/CoreText.framework/Versions/A/CoreText
0x000000000abd0000 	/System/Library/Frameworks/ImageIO.framework/Versions/A/ImageIO
0x000000000abd0000 	/System/Library/PrivateFrameworks/Backup.framework/Versions/A/Backup
0x000000000abd0000 	/usr/lib/libarchive.2.dylib
0x000000000abd0000 	/System/Library/Frameworks/CFNetwork.framework/Versions/A/CFNetwork
0x000000000abd0000 	/System/Library/Frameworks/SystemConfiguration.framework/Versions/A/SystemConfiguration
0x000000000abd0000 	/usr/lib/libCRFSuite.dylib
0x000000000abd0000 	/usr/lib/libc++.1.dylib
0x000000000abd0000 	/usr/lib/libc++abi.dylib
0x000000000abd0000 	/usr/lib/system/libcache.dylib
0x000000000abd0000 	/usr/lib/system/libcommonCrypto.dylib
0x000000000abd0000 	/usr/lib/system/libcompiler_rt.dylib
0x000000000abd0000 	/usr/lib/system/libcopyfile.dylib
0x000000000abd0000 	/usr/lib/system/libcorecrypto.dylib
0x000000000abd0000 	/usr/lib/system/libdispatch.dylib
0x000000000abd0000 	/usr/lib/system/libdyld.dylib
0x000000000abd0000 	/usr/lib/system/libkeymgr.dylib
0x000000000abd0000 	/usr/lib/system/liblaunch.dylib
0x000000000abd0000 	/usr/lib/system/libmacho.dylib
0x000000000abd0000 	/usr/lib/system/libquarantine.dylib
0x000000000abd0000 	/usr/lib/system/libremovefile.dylib
0x000000000abd0000 	/usr/lib/system/libsystem_asl.dylib
0x000000000abd0000 	/usr/lib/system/libsystem_blocks.dylib
0x000000000abd0000 	/usr/lib/system/libsystem_c.dylib
0x000000000abd0000 	/usr/lib/system/libsystem_configuration.dylib
0x000000000abd0000 	/usr/lib/system/libsystem_coreservices.dylib
0x000000000abd0000 	/usr/lib/system/libsystem_darwin.dylib
0x000000000abd0000 	/usr/lib/system/libsystem_dnssd.dylib
0x000000000abd0000 	/usr/lib/system/libsystem_info.dylib
0x000000000abd0000 	/usr/lib/system/libsystem_m.dylib
0x000000000abd0000 	/usr/lib/system/libsystem_malloc.dylib
0x000000000abd0000 	/usr/lib/system/libsystem_networkextension.dylib
0x000000000abd0000 	/usr/lib/system/libsystem_notify.dylib
0x000000000abd0000 	/usr/lib/system/libsystem_sandbox.dylib
0x000000000abd0000 	/usr/lib/system/libsystem_secinit.dylib
0x000000000abd0000 	/usr/lib/system/libsystem_kernel.dylib
0x000000000abd0000 	/usr/lib/system/libsystem_platform.dylib
0x000000000abd0000 	/usr/lib/system/libsystem_pthread.dylib
0x000000000abd0000 	/usr/lib/system/libsystem_symptoms.dylib
0x000000000abd0000 	/usr/lib/system/libsystem_trace.dylib
0x000000000abd0000 	/usr/lib/system/libunwind.dylib
0x000000000abd0000 	/usr/lib/system/libxpc.dylib
0x000000000abd0000 	/usr/lib/libbsm.0.dylib
0x000000000abd0000 	/usr/lib/system/libkxld.dylib
0x000000000abd0000 	/System/Library/PrivateFrameworks/AppleFSCompression.framework/Versions/A/AppleFSCompression
0x000000000abd0000 	/usr/lib/libOpenScriptingUtil.dylib
0x000000000abd0000 	/usr/lib/libcoretls.dylib
0x000000000abd0000 	/usr/lib/libcoretls_cfhelpers.dylib
0x000000000abd0000 	/usr/lib/libpam.2.dylib
0x000000000abd0000 	/usr/lib/libsqlite3.dylib
0x000000000abd0000 	/usr/lib/libxar.1.dylib
0x000000000abd0000 	/usr/lib/libbz2.1.0.dylib
0x000000000abd0000 	/usr/lib/liblzma.5.dylib
0x000000000abd0000 	/usr/lib/libnetwork.dylib
0x000000000abd0000 	/usr/lib/libapple_nghttp2.dylib
0x000000000abd0000 	/usr/lib/libpcap.A.dylib
0x000000000abd0000 	/System/Library/Frameworks/CoreServices.framework/Versions/A/Frameworks/FSEvents.framework/Versions/A/FSEvents
0x000000000abd0000 	/System/Library/Frameworks/CoreServices.framework/Versions/A/Frameworks/CarbonCore.framework/Versions/A/CarbonCore
0x000000000abd0000 	/System/Library/Frameworks/CoreServices.framework/Versions/A/Frameworks/Metadata.framework/Versions/A/Metadata
0x000000000abd0000 	/System/Library/Frameworks/CoreServices.framework/Versions/A/Frameworks/OSServices.framework/Versions/A/OSServices
0x000000000abd0000 	/System/Library/Frameworks/CoreServices.framework/Versions/A/Frameworks/SearchKit.framework/Versions/A/SearchKit
0x000000000abd0000 	/System/Library/Frameworks/CoreServices.framework/Versions/A/Frameworks/AE.framework/Versions/A/AE
0x000000000abd0000 	/System/Library/Frameworks/CoreServices.framework/Versions/A/Frameworks/LaunchServices.framework/Versions/A/LaunchServices
0x000000000abd0000 	/System/Library/Frameworks/CoreServices.framework/Versions/A/Frameworks/DictionaryServices.framework/Versions/A/DictionaryServices
0x000000000abd0000 	/System/Library/Frameworks/CoreServices.framework/Versions/A/Frameworks/SharedFileList.framework/Versions/A/SharedFileList
0x000000000abd0000 	/System/Library/Frameworks/NetFS.framework/Versions/A/NetFS
0x000000000abd0000 	/System/Library/PrivateFrameworks/NetAuth.framework/Versions/A/NetAuth
0x000000000abd0000 	/System/Library/PrivateFrameworks/login.framework/Versions/A/Frameworks/loginsupport.framework/Versions/A/loginsupport
0x000000000abd0000 	/System/Library/PrivateFrameworks/TCC.framework/Versions/A/TCC
0x000000000abd0000 	/System/Library/PrivateFrameworks/CoreNLP.framework/Versions/A/CoreNLP
0x000000000abd0000 	/System/Library/PrivateFrameworks/MetadataUtilities.framework/Versions/A/MetadataUtilities
0x000000000abd0000 	/usr/lib/libmecabra.dylib
0x000000000abd0000 	/System/Library/Frameworks/ApplicationServices.framework/Versions/A/Frameworks/ATS.framework/Versions/A/ATS
0x000000000abd0000 	/System/Library/Frameworks/ApplicationServices.framework/Versions/A/Frameworks/ColorSyncLegacy.framework/Versions/A/ColorSyncLegacy
0x000000000abd0000 	/System/Library/Frameworks/ApplicationServices.framework/Versions/A/Frameworks/HIServices.framework/Versions/A/HIServices
0x000000000abd0000 	/System/Library/Frameworks/ApplicationServices.framework/Versions/A/Frameworks/LangAnalysis.framework/Versions/A/LangAnalysis
0x000000000abd0000 	/System/Library/Frameworks/ApplicationServices.framework/Versions/A/Frameworks/PrintCore.framework/Versions/A/PrintCore
0x000000000abd0000 	/System/Library/Frameworks/ApplicationServices.framework/Versions/A/Frameworks/QD.framework/Versions/A/QD
0x000000000abd0000 	/System/Library/Frameworks/ApplicationServices.framework/Versions/A/Frameworks/SpeechSynthesis.framework/Versions/A/SpeechSynthesis
0x000000000abd0000 	/usr/lib/libcompression.dylib
0x000000000abd0000 	/System/Library/Frameworks/CoreDisplay.framework/Versions/A/CoreDisplay
0x000000000abd0000 	/System/Library/Frameworks/MetalPerformanceShaders.framework/Versions/A/MetalPerformanceShaders
0x000000000abd0000 	/System/Library/Frameworks/Accelerate.framework/Versions/A/Frameworks/vImage.framework/Versions/A/vImage
0x000000000abd0000 	/System/Library/Frameworks/Accelerate.framework/Versions/A/Frameworks/vecLib.framework/Versions/A/vecLib
0x000000000abd0000 	/System/Library/Frameworks/Accelerate.framework/Versions/A/Frameworks/vecLib.framework/Versions/A/libvMisc.dylib
0x000000000abd0000 	/System/Library/Frameworks/Accelerate.framework/Versions/A/Frameworks/vecLib.framework/Versions/A/libvDSP.dylib
0x000000000abd0000 	/System/Library/Frameworks/Accelerate.framework/Versions/A/Frameworks/vecLib.framework/Versions/A/libBLAS.dylib
0x000000000abd0000 	/System/Library/Frameworks/Accelerate.framework/Versions/A/Frameworks/vecLib.framework/Versions/A/libLAPACK.dylib
0x000000000abd0000 	/System/Library/Frameworks/Accelerate.framework/Versions/A/Frameworks/vecLib.framework/Versions/A/libLinearAlgebra.dylib
0x000000000abd0000 	/System/Library/Frameworks/Accelerate.framework/Versions/A/Frameworks/vecLib.framework/Versions/A/libSparseBLAS.dylib
0x000000000abd0000 	/System/Library/Frameworks/Accelerate.framework/Versions/A/Frameworks/vecLib.framework/Versions/A/libQuadrature.dylib
0x000000000abd0000 	/System/Library/Frameworks/Accelerate.framework/Versions/A/Frameworks/vecLib.framework/Versions/A/libBNNS.dylib
0x000000000abd0000 	/System/Library/Frameworks/Accelerate.framework/Versions/A/Frameworks/vecLib.framework/Versions/A/libSparse.dylib
0x000000000abd0000 	/System/Library/PrivateFrameworks/GPUWrangler.framework/Versions/A/GPUWrangler
0x000000000abd0000 	/System/Library/PrivateFrameworks/IOAccelerator.framework/Versions/A/IOAccelerator
0x000000000abd0000 	/System/Library/PrivateFrameworks/IOPresentment.framework/Versions/A/IOPresentment
0x000000000abd0000 	/System/Library/PrivateFrameworks/DSExternalDisplay.framework/Versions/A/DSExternalDisplay
0x000000000abd0000 	/System/Library/Frameworks/OpenGL.framework/Versions/A/Libraries/libCoreFSCache.dylib
0x000000000abd0000 	/System/Library/Frameworks/MetalPerformanceShaders.framework/Frameworks/MPSCore.framework/Versions/A/MPSCore
0x000000000abd0000 	/System/Library/Frameworks/MetalPerformanceShaders.framework/Frameworks/MPSImage.framework/Versions/A/MPSImage
0x000000000abd0000 	/System/Library/Frameworks/MetalPerformanceShaders.framework/Frameworks/MPSNeuralNetwork.framework/Versions/A/MPSNeuralNetwork
0x000000000abd0000 	/System/Library/Frameworks/MetalPerformanceShaders.framework/Frameworks/MPSMatrix.framework/Versions/A/MPSMatrix
0x000000000abd0000 	/System/Library/Frameworks/MetalPerformanceShaders.framework/Frameworks/MPSRayIntersector.framework/Versions/A/MPSRayIntersector
0x000000000abd0000 	/System/Library/PrivateFrameworks/MetalTools.framework/Versions/A/MetalTools
0x000000000abd0000 	/System/Library/PrivateFrameworks/AggregateDictionary.framework/Versions/A/AggregateDictionary
0x000000000abd0000 	/usr/lib/libMobileGestalt.dylib
0x000000000abd0000 	/System/Library/Frameworks/CoreVideo.framework/Versions/A/CoreVideo
0x000000000abd0000 	/System/Library/PrivateFrameworks/GraphVisualizer.framework/Versions/A/GraphVisualizer
0x000000000abd0000 	/System/Library/PrivateFrameworks/FaceCore.framework/Versions/A/FaceCore
0x000000000abd0000 	/System/Library/Frameworks/OpenCL.framework/Versions/A/OpenCL
0x000000000abd0000 	/usr/lib/libFosl_dynamic.dylib
0x000000000abd0000 	/System/Library/PrivateFrameworks/OTSVG.framework/Versions/A/OTSVG
0x000000000abd0000 	/System/Library/Frameworks/ApplicationServices.framework/Versions/A/Frameworks/ATS.framework/Versions/A/Resources/libFontParser.dylib
0x000000000abd0000 	/System/Library/Frameworks/ApplicationServices.framework/Versions/A/Frameworks/ATS.framework/Versions/A/Resources/libFontRegistry.dylib
0x000000000abd0000 	/System/Library/Frameworks/ImageIO.framework/Versions/A/Resources/libJPEG.dylib
0x000000000abd0000 	/System/Library/Frameworks/ImageIO.framework/Versions/A/Resources/libTIFF.dylib
0x000000000abd0000 	/System/Library/Frameworks/ImageIO.framework/Versions/A/Resources/libPng.dylib
0x000000000abd0000 	/System/Library/Frameworks/ImageIO.framework/Versions/A/Resources/libGIF.dylib
0x000000000abd0000 	/System/Library/Frameworks/ImageIO.framework/Versions/A/Resources/libJP2.dylib
0x000000000abd0000 	/System/Library/Frameworks/ImageIO.framework/Versions/A/Resources/libRadiance.dylib
0x000000000abd0000 	/System/Library/PrivateFrameworks/AppleJPEG.framework/Versions/A/AppleJPEG
0x000000000abd0000 	/System/Library/Frameworks/OpenGL.framework/Versions/A/Libraries/libGFXShared.dylib
0x000000000abd0000 	/System/Library/Frameworks/OpenGL.framework/Versions/A/Libraries/libGLU.dylib
0x000000000abd0000 	/System/Library/Frameworks/OpenGL.framework/Versions/A/Libraries/libGL.dylib
0x000000000abd0000 	/System/Library/Frameworks/OpenGL.framework/Versions/A/Libraries/libGLImage.dylib
0x000000000abd0000 	/System/Library/Frameworks/OpenGL.framework/Versions/A/Libraries/libCVMSPluginSupport.dylib
0x000000000abd0000 	/System/Library/Frameworks/OpenGL.framework/Versions/A/Libraries/libCoreVMClient.dylib
0x000000000abd0000 	/usr/lib/libcups.2.dylib
0x000000000abd0000 	/System/Library/Frameworks/Kerberos.framework/Versions/A/Kerberos
0x000000000abd0000 	/System/Library/Frameworks/GSS.framework/Versions/A/GSS
0x000000000abd0000 	/usr/lib/libresolv.9.dylib
0x000000000abd0000 	/usr/lib/libiconv.2.dylib
0x000000000abd0000 	/System/Library/PrivateFrameworks/Heimdal.framework/Versions/A/Heimdal
0x000000000abd0000 	/usr/lib/libheimdal-asn1.dylib
0x000000000abd0000 	/System/Library/Frameworks/OpenDirectory.framework/Versions/A/OpenDirectory
0x000000000abd0000 	/System/Library/PrivateFrameworks/CommonAuth.framework/Versions/A/CommonAuth
0x000000000abd0000 	/System/Library/Frameworks/OpenDirectory.framework/Versions/A/Frameworks/CFOpenDirectory.framework/Versions/A/CFOpenDirectory
0x000000000abd0000 	/System/Library/Frameworks/SecurityFoundation.framework/Versions/A/SecurityFoundation
0x000000000abd0000 	/System/Library/PrivateFrameworks/APFS.framework/Versions/A/APFS
0x000000000abd0000 	/usr/lib/libutil.dylib
0x000000000abd0000 	/usr/lib/libcharset.1.dylib
0x000000000abd0000 	/System/Library/PrivateFrameworks/AppleSauce.framework/Versions/A/AppleSauce
0x000000000abd0000 	/System/Library/PrivateFrameworks/AssertionServices.framework/Versions/A/AssertionServices
0x000000000abd0000 	/System/Library/PrivateFrameworks/BaseBoard.framework/Versions/A/BaseBoard
0x000000000abd0000 	/usr/lib/libmecab.1.0.0.dylib
0x000000000abd0000 	/usr/lib/libgermantok.dylib
0x000000000abd0000 	/usr/lib/libThaiTokenizer.dylib
0x000000000abd0000 	/usr/lib/libChineseTokenizer.dylib
0x000000000abd0000 	/System/Library/PrivateFrameworks/LanguageModeling.framework/Versions/A/LanguageModeling
0x000000000abd0000 	/System/Library/PrivateFrameworks/CoreEmoji.framework/Versions/A/CoreEmoji
0x000000000abd0000 	/System/Library/PrivateFrameworks/Lexicon.framework/Versions/A/Lexicon
0x000000000abd0000 	/System/Library/PrivateFrameworks/LinguisticData.framework/Versions/A/LinguisticData
0x000000000abd0000 	/usr/lib/libcmph.dylib
0x000000000abd0000 	/System/Library/Frameworks/ServiceManagement.framework/Versions/A/ServiceManagement
0x000000000abd0000 	/System/Library/PrivateFrameworks/BackgroundTaskManagement.framework/Versions/A/BackgroundTaskManagement
0x000000000abd0000 	/usr/lib/libxslt.1.dylib
0x000000000abd0000 	/System/Library/Frameworks/Carbon.framework/Versions/A/Frameworks/Ink.framework/Versions/A/Ink
0x000000000abd0000 	/System/Library/PrivateFrameworks/TextureIO.framework/Versions/A/TextureIO
0x000000000abd0000 	/usr/lib/libate.dylib
0x000000000abd0000 	/System/Library/PrivateFrameworks/CrashReporterSupport.framework/Versions/A/CrashReporterSupport
0x000000000abd0000 	/System/Library/PrivateFrameworks/Sharing.framework/Versions/A/Sharing
0x000000000abd0000 	/System/Library/PrivateFrameworks/AuthKit.framework/Versions/A/AuthKit
0x000000000abd0000 	/System/Library/PrivateFrameworks/Apple80211.framework/Versions/A/Apple80211
0x000000000abd0000 	/System/Library/PrivateFrameworks/CoreUtils.framework/Versions/A/CoreUtils
0x000000000abd0000 	/System/Library/Frameworks/CoreWLAN.framework/Versions/A/CoreWLAN
0x000000000abd0000 	/System/Library/Frameworks/IOBluetooth.framework/Versions/A/IOBluetooth
0x000000000abd0000 	/System/Library/PrivateFrameworks/ProtocolBuffer.framework/Versions/A/ProtocolBuffer
0x000000000abd0000 	/System/Library/PrivateFrameworks/MobileKeyBag.framework/Versions/A/MobileKeyBag
0x000000000abd0000 	/System/Library/PrivateFrameworks/CorePhoneNumbers.framework/Versions/A/CorePhoneNumbers
0x000000000abd0000 	/System/Library/PrivateFrameworks/AppleIDAuthSupport.framework/Versions/A/AppleIDAuthSupport
0x000000000abd0000 	/System/Library/PrivateFrameworks/KeychainCircle.framework/Versions/A/KeychainCircle
0x000000000abd0000 	/System/Library/PrivateFrameworks/ROCKit.framework/Versions/A/ROCKit
0x000000000abd0000 	/System/Library/PrivateFrameworks/CoreWiFi.framework/Versions/A/CoreWiFi
0x000000000abd0000 	/System/Library/Frameworks/CoreBluetooth.framework/Versions/A/CoreBluetooth
0x000000000abd0000 	/System/Library/PrivateFrameworks/DebugSymbols.framework/Versions/A/DebugSymbols
0x000000000abd0000 	/System/Library/PrivateFrameworks/CoreSymbolication.framework/Versions/A/CoreSymbolication
0x000000000abd0000 	/System/Library/PrivateFrameworks/Symbolication.framework/Versions/A/Symbolication
0x000000000abd0000 	/System/Library/PrivateFrameworks/SpeechRecognitionCore.framework/Versions/A/SpeechRecognitionCore
0x000000000abd0000 	/System/Library/CoreServices/Encodings/libSimplifiedChineseConverter.dylib
0x0000000108600000 	/Library/Java/JavaVirtualMachines/jdk1.7.0_80.jdk/Contents/Home/jre/lib/server/libjvm.dylib
0x000000000abd0000 	/usr/lib/libstdc++.6.dylib
0x0000000107c3a000 	/Library/Java/JavaVirtualMachines/jdk1.7.0_80.jdk/Contents/Home/jre/lib/libverify.dylib
0x0000000107c47000 	/Library/Java/JavaVirtualMachines/jdk1.7.0_80.jdk/Contents/Home/jre/lib/libjava.dylib
0x0000000107c78000 	/Library/Java/JavaVirtualMachines/jdk1.7.0_80.jdk/Contents/Home/jre/lib/libjdwp.dylib
0x0000000107cb5000 	/Library/Java/JavaVirtualMachines/jdk1.7.0_80.jdk/Contents/Home/jre/lib/libnpt.dylib
0x0000000107d02000 	/Library/Java/JavaVirtualMachines/jdk1.7.0_80.jdk/Contents/Home/jre/lib/libzip.dylib
0x000000000abd0000 	/System/Library/Frameworks/JavaVM.framework/Versions/A/Frameworks/JavaRuntimeSupport.framework/Versions/A/JavaRuntimeSupport
0x000000000abd0000 	/System/Library/Frameworks/JavaVM.framework/Versions/A/Frameworks/JavaNativeFoundation.framework/Versions/A/JavaNativeFoundation
0x000000000abd0000 	/System/Library/Frameworks/JavaVM.framework/Versions/A/JavaVM
0x000000000abd0000 	/System/Library/Frameworks/Carbon.framework/Versions/A/Carbon
0x000000000abd0000 	/System/Library/PrivateFrameworks/JavaLaunching.framework/Versions/A/JavaLaunching
0x000000000abd0000 	/System/Library/Frameworks/Carbon.framework/Versions/A/Frameworks/CommonPanels.framework/Versions/A/CommonPanels
0x000000000abd0000 	/System/Library/Frameworks/Carbon.framework/Versions/A/Frameworks/Help.framework/Versions/A/Help
0x000000000abd0000 	/System/Library/Frameworks/Carbon.framework/Versions/A/Frameworks/ImageCapture.framework/Versions/A/ImageCapture
0x000000000abd0000 	/System/Library/Frameworks/Carbon.framework/Versions/A/Frameworks/OpenScripting.framework/Versions/A/OpenScripting
0x000000000abd0000 	/System/Library/Frameworks/Carbon.framework/Versions/A/Frameworks/Print.framework/Versions/A/Print
0x000000000abd0000 	/System/Library/Frameworks/Carbon.framework/Versions/A/Frameworks/SecurityHI.framework/Versions/A/SecurityHI
0x00000001120da000 	/Library/Java/JavaVirtualMachines/jdk1.7.0_80.jdk/Contents/Home/jre/lib/libdt_socket.dylib
0x0000000112139000 	/Library/Java/JavaVirtualMachines/jdk1.7.0_80.jdk/Contents/Home/jre/lib/libawt.dylib
0x00000001121e8000 	/Library/Java/JavaVirtualMachines/jdk1.7.0_80.jdk/Contents/Home/jre/lib/./libmlib_image.dylib
0x00000001122b4000 	/Library/Java/JavaVirtualMachines/jdk1.7.0_80.jdk/Contents/Home/jre/lib/lwawt/liblwawt.dylib
0x000000011236a000 	/Library/Java/JavaVirtualMachines/jdk1.7.0_80.jdk/Contents/Home/jre/lib/libosxapp.dylib
0x000000000abd0000 	/System/Library/Frameworks/ExceptionHandling.framework/Versions/A/ExceptionHandling
0x000000000abd0000 	/System/Library/PrivateFrameworks/CoreServicesInternal.framework/Versions/A/CoreServicesInternal
0x000000000abd0000 	/System/Library/CoreServices/RawCamera.bundle/Contents/MacOS/RawCamera
0x000000000abd0000 	/System/Library/PrivateFrameworks/MobileAsset.framework/Versions/A/MobileAsset
0x000000000abd0000 	/System/Library/PrivateFrameworks/StreamingZip.framework/Versions/A/StreamingZip
0x000000000abd0000 	/System/Library/Frameworks/MediaToolbox.framework/Versions/A/MediaToolbox
0x000000000abd0000 	/System/Library/PrivateFrameworks/CoreAVCHD.framework/Versions/A/CoreAVCHD
0x000000000abd0000 	/System/Library/Frameworks/MediaAccessibility.framework/Versions/A/MediaAccessibility
0x000000000abd0000 	/System/Library/PrivateFrameworks/Mangrove.framework/Versions/A/Mangrove
0x000000000abd0000 	/System/Library/Frameworks/CoreMedia.framework/Versions/A/CoreMedia
0x000000000abd0000 	/System/Library/Frameworks/VideoToolbox.framework/Versions/A/VideoToolbox
0x000000000abd0000 	/System/Library/PrivateFrameworks/CoreAUC.framework/Versions/A/CoreAUC
0x000000000abd0000 	/usr/lib/libspindump.dylib
0x000000000abd0000 	/System/Library/PrivateFrameworks/AppleVA.framework/Versions/A/AppleVA
0x000000000abd0000 	/System/Library/Frameworks/Accelerate.framework/Versions/A/Frameworks/vImage.framework/Versions/A/Libraries/libCGInterfaces.dylib
0x000000000abd0000 	/System/Library/Frameworks/ApplicationServices.framework/Versions/A/Frameworks/ATS.framework/Versions/A/Resources/libTrueTypeScaler.dylib
0x000000000abd0000 	/System/Library/Extensions/AppleIntelBDWGraphicsMTLDriver.bundle/Contents/MacOS/AppleIntelBDWGraphicsMTLDriver
0x000000000abd0000 	/System/Library/PrivateFrameworks/GPUCompiler.framework/Versions/3902/Libraries/libmetal_timestamp.dylib
0x000000000abd0000 	/System/Library/PrivateFrameworks/FamilyControls.framework/Versions/A/FamilyControls
0x000000000abd0000 	/System/Library/PrivateFrameworks/CommerceKit.framework/Versions/A/Frameworks/CommerceCore.framework/Versions/A/CommerceCore
0x000000000abd0000 	/System/Library/PrivateFrameworks/SystemAdministration.framework/Versions/A/SystemAdministration
0x000000000abd0000 	/System/Library/PrivateFrameworks/AppContainer.framework/Versions/A/AppContainer
0x000000000abd0000 	/System/Library/PrivateFrameworks/AppSandbox.framework/Versions/A/AppSandbox
0x000000000abd0000 	/System/Library/PrivateFrameworks/SecCodeWrapper.framework/Versions/A/SecCodeWrapper
0x000000000abd0000 	/usr/lib/libsandbox.1.dylib
0x000000000abd0000 	/usr/lib/libMatch.1.dylib
0x000000000abd0000 	/System/Library/PrivateFrameworks/DiskManagement.framework/Versions/A/DiskManagement
0x000000000abd0000 	/System/Library/Frameworks/DirectoryService.framework/Versions/A/DirectoryService
0x000000000abd0000 	/System/Library/PrivateFrameworks/DiskImages.framework/Versions/A/DiskImages
0x000000000abd0000 	/System/Library/PrivateFrameworks/LoginUIKit.framework/Versions/A/Frameworks/LoginUICore.framework/Versions/A/LoginUICore
0x000000000abd0000 	/usr/lib/libCoreStorage.dylib
0x000000000abd0000 	/usr/lib/libcsfde.dylib
0x000000000abd0000 	/usr/lib/libodfde.dylib
0x000000000abd0000 	/System/Library/PrivateFrameworks/MediaKit.framework/Versions/A/MediaKit
0x000000000abd0000 	/System/Library/Frameworks/DiscRecording.framework/Versions/A/DiscRecording
0x000000000abd0000 	/System/Library/PrivateFrameworks/EFILogin.framework/Versions/A/EFILogin
0x000000000abd0000 	/System/Library/PrivateFrameworks/ProtectedCloudStorage.framework/Versions/A/ProtectedCloudStorage
0x000000000abd0000 	/usr/lib/libcurl.4.dylib
0x000000000abd0000 	/usr/lib/libcrypto.42.dylib
0x000000000abd0000 	/usr/lib/libssl.44.dylib
0x000000000abd0000 	/System/Library/Frameworks/LDAP.framework/Versions/A/LDAP
0x000000000abd0000 	/System/Library/PrivateFrameworks/TrustEvaluationAgent.framework/Versions/A/TrustEvaluationAgent
0x000000000abd0000 	/usr/lib/libsasl2.2.dylib
0x000000000abd0000 	/System/Library/PrivateFrameworks/CoreDaemon.framework/Versions/B/CoreDaemon
0x000000000abd0000 	/System/Library/PrivateFrameworks/AppleSRP.framework/Versions/A/AppleSRP
0x000000000abd0000 	/System/Library/PrivateFrameworks/ViewBridge.framework/Versions/A/ViewBridge
0x0000000116785000 	/Library/Java/JavaVirtualMachines/jdk1.7.0_80.jdk/Contents/Home/jre/lib/libfontmanager.dylib
0x00000001167ec000 	/Library/Java/JavaVirtualMachines/jdk1.7.0_80.jdk/Contents/Home/jre/lib/libosxui.dylib
0x000000000abd0000 	/System/Library/Frameworks/OpenGL.framework/Versions/A/Resources/GLEngine.bundle/GLEngine
0x000000000abd0000 	/System/Library/Frameworks/OpenGL.framework/Versions/A/Libraries/libGLProgrammability.dylib
0x000000000abd0000 	/System/Library/Extensions/AppleIntelBDWGraphicsGLDriver.bundle/Contents/MacOS/AppleIntelBDWGraphicsGLDriver
0x000000000abd0000 	/System/Library/PrivateFrameworks/GPUSupport.framework/Versions/A/Libraries/libGPUSupportMercury.dylib
0x000000000abd0000 	/System/Library/Frameworks/OpenGL.framework/Versions/A/Resources/GLRendererFloat.bundle/GLRendererFloat
0x000000000abd0000 	/System/Library/Frameworks/OpenCL.framework/Versions/A/Libraries/libcldcpuengine.dylib
0x000000000abd0000 	/usr/lib/libcrypto.35.dylib
0x0000000117acd000 	/Library/Java/JavaVirtualMachines/jdk1.7.0_80.jdk/Contents/Home/jre/lib/libnio.dylib
0x0000000117adc000 	/Library/Java/JavaVirtualMachines/jdk1.7.0_80.jdk/Contents/Home/jre/lib/./libnet.dylib
0x00000001152ff000 	/usr/lib/libobjc-trampolines.dylib
0x000000011beaa000 	/Library/Java/JavaVirtualMachines/jdk1.7.0_80.jdk/Contents/Home/jre/lib/libdcpr.dylib
0x000000011a0e0000 	/Library/Java/JavaVirtualMachines/jdk1.7.0_80.jdk/Contents/Home/jre/lib/libsunec.dylib
0x0000000115d27000 	/Library/Java/JavaVirtualMachines/jdk1.7.0_80.jdk/Contents/Home/jre/lib/libjpeg.dylib

VM Arguments:
jvm_args: -agentlib:jdwp=transport=dt_socket,suspend=y,address=localhost:62138 -Dfile.encoding=UTF-8 
java_command: com.gun.view.ArrayResultView
Launcher Type: SUN_STANDARD

Environment Variables:
PATH=/usr/bin:/bin:/usr/sbin:/sbin
SHELL=/bin/bash

Signal Handlers:
SIGSEGV: [libjvm.dylib+0x52e8c9], sa_mask[0]=0xfffefeff, sa_flags=0x00000043
SIGBUS: [libjvm.dylib+0x52e8c9], sa_mask[0]=0xfffefeff, sa_flags=0x00000042
SIGFPE: [libjvm.dylib+0x42022e], sa_mask[0]=0xfffefeff, sa_flags=0x00000042
SIGPIPE: [libjvm.dylib+0x42022e], sa_mask[0]=0xfffefeff, sa_flags=0x00000042
SIGXFSZ: [libjvm.dylib+0x42022e], sa_mask[0]=0xfffefeff, sa_flags=0x00000042
SIGILL: [libjvm.dylib+0x42022e], sa_mask[0]=0xfffefeff, sa_flags=0x00000042
SIGUSR1: SIG_DFL, sa_mask[0]=0x00000000, sa_flags=0x00000000
SIGUSR2: [libjvm.dylib+0x41fd20], sa_mask[0]=0x00000004, sa_flags=0x00000042
SIGHUP: [libjvm.dylib+0x41dfd5], sa_mask[0]=0xfffefeff, sa_flags=0x00000042
SIGINT: [libjvm.dylib+0x41dfd5], sa_mask[0]=0xfffefeff, sa_flags=0x00000042
SIGTERM: [libjvm.dylib+0x41dfd5], sa_mask[0]=0xfffefeff, sa_flags=0x00000042
SIGQUIT: [libjvm.dylib+0x41dfd5], sa_mask[0]=0xfffefeff, sa_flags=0x00000042


---------------  S Y S T E M  ---------------

OS:Bsduname:Darwin 18.2.0 Darwin Kernel Version 18.2.0: Mon Nov 12 20:24:46 PST 2018; root:xnu-4903.231.4~2/RELEASE_X86_64 x86_64
rlimit: STACK 8192k, CORE 0k, NPROC 709, NOFILE 10240, AS infinity
load average:1.92 1.82 1.86

CPU:total 4 (2 cores per cpu, 2 threads per core) family 6 model 61 stepping 4, cmov, cx8, fxsr, mmx, sse, sse2, sse3, ssse3, sse4.1, sse4.2, popcnt, avx, avx2, aes, erms, ht, tsc, tscinvbit

Memory: 4k page, physical 8388608k(2097152k free)

/proc/meminfo:


vm_info: Java HotSpot(TM) 64-Bit Server VM (24.80-b11) for bsd-amd64 JRE (1.7.0_80-b15), built on Apr 10 2015 11:25:43 by "java_re" with gcc 4.2.1 (Based on Apple Inc. build 5658) (LLVM build 2336.11.00)

time: Tue Oct  1 19:37:22 2019
elapsed time: 98847 seconds

